<?xml version="1.0" encoding="UTF-8"?>
<!-- Generated by org.testng.reporters.JUnitReportReporter -->
<testsuite hostname="LAPTOP-VPD2VMP9" failures="0" tests="1" name="com.freecrm.testpages.HomePageTest" time="11.584" errors="0" timestamp="27 Nov 2022 06:33:29 GMT" skipped="0">
  <testcase classname="com.freecrm.testpages.HomePageTest" name="validateHomePageCRMPRO" time="11.584"/>
</testsuite> <!-- com.freecrm.testpages.HomePageTest -->
