<?xml version="1.0" encoding="UTF-8"?>
<!-- Generated by org.testng.reporters.JUnitReportReporter -->
<testsuite hostname="LAPTOP-VPD2VMP9" failures="0" tests="2" name="com.freecrm.testpages.LoginPageTest" time="6.310" errors="0" timestamp="27 Nov 2022 05:55:04 GMT" skipped="1">
  <testcase classname="com.freecrm.testpages.LoginPageTest" name="loginTest" time="6.310"/>
  <testcase classname="com.freecrm.testpages.LoginPageTest" name="loginPageTitleTest">
    <skipped/>
  </testcase> <!-- loginPageTitleTest -->
</testsuite> <!-- com.freecrm.testpages.LoginPageTest -->
